<?xml version="1.0" encoding="utf-8"?>
<coverage line-rate="0.2483" branch-rate="0.5454" version="1.9" timestamp="1745428466" lines-covered="194" lines-valid="781" branches-covered="24" branches-valid="44">
  <sources>
    <source>C:\Users\sarpi\source\repos\ECommercePaymentIntegration\</source>
  </sources>
  <packages>
    <package name="ECommercePaymentIntegration.Application" line-rate="0.5235" branch-rate="0.5454" complexity="135">
      <classes>
        <class name="ECommerceApp.Infrastructure.BalanceManagement.BalanceManagementService" filename="ECommercePaymentIntegration.Application\Services\BalanceManagement\BalanceManagementService.cs" line-rate="0" branch-rate="1" complexity="1">
          <methods>
            <method name=".ctor" signature="(System.Net.Http.IHttpClientFactory,Microsoft.Extensions.Logging.ILogger`1&lt;ECommerceApp.Infrastructure.BalanceManagement.BalanceManagementService&gt;)" line-rate="0" branch-rate="1" complexity="1">
              <lines>
                <line number="29" hits="0" branch="False" />
                <line number="30" hits="0" branch="False" />
                <line number="31" hits="0" branch="False" />
                <line number="32" hits="0" branch="False" />
                <line number="33" hits="0" branch="False" />
                <line number="34" hits="0" branch="False" />
              </lines>
            </method>
          </methods>
          <lines>
            <line number="29" hits="0" branch="False" />
            <line number="30" hits="0" branch="False" />
            <line number="31" hits="0" branch="False" />
            <line number="32" hits="0" branch="False" />
            <line number="33" hits="0" branch="False" />
            <line number="34" hits="0" branch="False" />
          </lines>
        </class>
        <class name="ECommerceApp.Infrastructure.BalanceManagement.BalanceManagementService/&lt;&gt;c__12`1" filename="ECommercePaymentIntegration.Application\Services\BalanceManagement\BalanceManagementService.cs" line-rate="0" branch-rate="1" complexity="2">
          <methods>
            <method name="&lt;ResilientHttpOperationAsync&gt;b__12_0" signature="(ECommercePaymentIntegration.Application.Exceptions.BalanceManagementServiceException)" line-rate="0" branch-rate="1" complexity="1">
              <lines>
                <line number="83" hits="0" branch="False" />
              </lines>
            </method>
            <method name="&lt;ResilientHttpOperationAsync&gt;b__12_1" signature="(System.Int32)" line-rate="0" branch-rate="1" complexity="1">
              <lines>
                <line number="86" hits="0" branch="False" />
              </lines>
            </method>
          </methods>
          <lines>
            <line number="83" hits="0" branch="False" />
            <line number="86" hits="0" branch="False" />
          </lines>
        </class>
        <class name="ECommerceApp.Infrastructure.BalanceManagement.BalanceManagementService/&lt;&gt;c__DisplayClass10_0`1" filename="ECommercePaymentIntegration.Application\Services\BalanceManagement\BalanceManagementService.cs" line-rate="0" branch-rate="1" complexity="1">
          <methods>
            <method name="&lt;GetAsync&gt;b__0" signature="()" line-rate="0" branch-rate="1" complexity="1">
              <lines>
                <line number="72" hits="0" branch="False" />
              </lines>
            </method>
          </methods>
          <lines>
            <line number="72" hits="0" branch="False" />
          </lines>
        </class>
        <class name="ECommerceApp.Infrastructure.BalanceManagement.BalanceManagementService/&lt;&gt;c__DisplayClass11_0`2" filename="ECommercePaymentIntegration.Application\Services\BalanceManagement\BalanceManagementService.cs" line-rate="0" branch-rate="1" complexity="1">
          <methods>
            <method name="&lt;PostAsync&gt;b__0" signature="()" line-rate="0" branch-rate="1" complexity="1">
              <lines>
                <line number="77" hits="0" branch="False" />
              </lines>
            </method>
          </methods>
          <lines>
            <line number="77" hits="0" branch="False" />
          </lines>
        </class>
        <class name="ECommerceApp.Infrastructure.BalanceManagement.BalanceManagementService/&lt;&gt;c__DisplayClass12_0`1" filename="ECommercePaymentIntegration.Application\Services\BalanceManagement\BalanceManagementService.cs" line-rate="0" branch-rate="1" complexity="1">
          <methods>
            <method name="&lt;ResilientHttpOperationAsync&gt;b__2" signature="(System.Exception,System.TimeSpan,System.Int32,Polly.Context)" line-rate="0" branch-rate="1" complexity="1">
              <lines>
                <line number="88" hits="0" branch="False" />
                <line number="89" hits="0" branch="False" />
                <line number="90" hits="0" branch="False" />
              </lines>
            </method>
          </methods>
          <lines>
            <line number="88" hits="0" branch="False" />
            <line number="89" hits="0" branch="False" />
            <line number="90" hits="0" branch="False" />
          </lines>
        </class>
        <class name="ECommerceApp.Infrastructure.BalanceManagement.BalanceManagementService/&lt;&gt;c__DisplayClass12_0`1/&lt;&lt;ResilientHttpOperationAsync&gt;b__3&gt;d" filename="ECommercePaymentIntegration.Application\Services\BalanceManagement\BalanceManagementService.cs" line-rate="0" branch-rate="1" complexity="1">
          <methods>
            <method name="MoveNext" signature="()" line-rate="0" branch-rate="1" complexity="1">
              <lines>
                <line number="91" hits="0" branch="False" />
              </lines>
            </method>
          </methods>
          <lines>
            <line number="91" hits="0" branch="False" />
          </lines>
        </class>
        <class name="ECommerceApp.Infrastructure.BalanceManagement.BalanceManagementService/&lt;CancelOrderAsync&gt;d__7" filename="ECommercePaymentIntegration.Application\Services\BalanceManagement\BalanceManagementService.cs" line-rate="0" branch-rate="1" complexity="1">
          <methods>
            <method name="MoveNext" signature="()" line-rate="0" branch-rate="1" complexity="1">
              <lines>
                <line number="56" hits="0" branch="False" />
                <line number="57" hits="0" branch="False" />
                <line number="58" hits="0" branch="False" />
              </lines>
            </method>
          </methods>
          <lines>
            <line number="56" hits="0" branch="False" />
            <line number="57" hits="0" branch="False" />
            <line number="58" hits="0" branch="False" />
          </lines>
        </class>
        <class name="ECommerceApp.Infrastructure.BalanceManagement.BalanceManagementService/&lt;CompleteOrderAsync&gt;d__8" filename="ECommercePaymentIntegration.Application\Services\BalanceManagement\BalanceManagementService.cs" line-rate="0" branch-rate="1" complexity="1">
          <methods>
            <method name="MoveNext" signature="()" line-rate="0" branch-rate="1" complexity="1">
              <lines>
                <line number="61" hits="0" branch="False" />
                <line number="62" hits="0" branch="False" />
                <line number="63" hits="0" branch="False" />
              </lines>
            </method>
          </methods>
          <lines>
            <line number="61" hits="0" branch="False" />
            <line number="62" hits="0" branch="False" />
            <line number="63" hits="0" branch="False" />
          </lines>
        </class>
        <class name="ECommerceApp.Infrastructure.BalanceManagement.BalanceManagementService/&lt;GetAsync&gt;d__10`1" filename="ECommercePaymentIntegration.Application\Services\BalanceManagement\BalanceManagementService.cs" line-rate="0" branch-rate="1" complexity="1">
          <methods>
            <method name="MoveNext" signature="()" line-rate="0" branch-rate="1" complexity="1">
              <lines>
                <line number="71" hits="0" branch="False" />
                <line number="73" hits="0" branch="False" />
              </lines>
            </method>
          </methods>
          <lines>
            <line number="71" hits="0" branch="False" />
            <line number="73" hits="0" branch="False" />
          </lines>
        </class>
        <class name="ECommerceApp.Infrastructure.BalanceManagement.BalanceManagementService/&lt;GetBalanceAsync&gt;d__9" filename="ECommercePaymentIntegration.Application\Services\BalanceManagement\BalanceManagementService.cs" line-rate="0" branch-rate="1" complexity="1">
          <methods>
            <method name="MoveNext" signature="()" line-rate="0" branch-rate="1" complexity="1">
              <lines>
                <line number="66" hits="0" branch="False" />
                <line number="67" hits="0" branch="False" />
                <line number="68" hits="0" branch="False" />
              </lines>
            </method>
          </methods>
          <lines>
            <line number="66" hits="0" branch="False" />
            <line number="67" hits="0" branch="False" />
            <line number="68" hits="0" branch="False" />
          </lines>
        </class>
        <class name="ECommerceApp.Infrastructure.BalanceManagement.BalanceManagementService/&lt;GetProductsAsync&gt;d__5" filename="ECommercePaymentIntegration.Application\Services\BalanceManagement\BalanceManagementService.cs" line-rate="0" branch-rate="1" complexity="1">
          <methods>
            <method name="MoveNext" signature="()" line-rate="0" branch-rate="1" complexity="1">
              <lines>
                <line number="46" hits="0" branch="False" />
                <line number="47" hits="0" branch="False" />
                <line number="48" hits="0" branch="False" />
              </lines>
            </method>
          </methods>
          <lines>
            <line number="46" hits="0" branch="False" />
            <line number="47" hits="0" branch="False" />
            <line number="48" hits="0" branch="False" />
          </lines>
        </class>
        <class name="ECommerceApp.Infrastructure.BalanceManagement.BalanceManagementService/&lt;HttpOperationAsync&gt;d__13`1" filename="ECommercePaymentIntegration.Application\Services\BalanceManagement\BalanceManagementService.cs" line-rate="0" branch-rate="0" complexity="8">
          <methods>
            <method name="MoveNext" signature="()" line-rate="0" branch-rate="0" complexity="8">
              <lines>
                <line number="96" hits="0" branch="False" />
                <line number="97" hits="0" branch="False" />
                <line number="99" hits="0" branch="False" />
                <line number="100" hits="0" branch="False" />
                <line number="101" hits="0" branch="False" />
                <line number="102" hits="0" branch="True" condition-coverage="0% (0/2)">
                  <conditions>
                    <condition number="353" type="jump" coverage="0%" />
                  </conditions>
                </line>
                <line number="104" hits="0" branch="False" />
                <line number="105" hits="0" branch="False" />
                <line number="106" hits="0" branch="False" />
                <line number="107" hits="0" branch="True" condition-coverage="0% (0/6)">
                  <conditions>
                    <condition number="613" type="jump" coverage="0%" />
                    <condition number="647" type="jump" coverage="0%" />
                    <condition number="658" type="jump" coverage="0%" />
                  </conditions>
                </line>
                <line number="110" hits="0" branch="False" />
                <line number="112" hits="0" branch="False" />
                <line number="114" hits="0" branch="False" />
                <line number="117" hits="0" branch="False" />
              </lines>
            </method>
          </methods>
          <lines>
            <line number="96" hits="0" branch="False" />
            <line number="97" hits="0" branch="False" />
            <line number="99" hits="0" branch="False" />
            <line number="100" hits="0" branch="False" />
            <line number="101" hits="0" branch="False" />
            <line number="102" hits="0" branch="True" condition-coverage="0% (0/2)">
              <conditions>
                <condition number="353" type="jump" coverage="0%" />
              </conditions>
            </line>
            <line number="104" hits="0" branch="False" />
            <line number="105" hits="0" branch="False" />
            <line number="106" hits="0" branch="False" />
            <line number="107" hits="0" branch="True" condition-coverage="0% (0/6)">
              <conditions>
                <condition number="613" type="jump" coverage="0%" />
                <condition number="647" type="jump" coverage="0%" />
                <condition number="658" type="jump" coverage="0%" />
              </conditions>
            </line>
            <line number="110" hits="0" branch="False" />
            <line number="112" hits="0" branch="False" />
            <line number="114" hits="0" branch="False" />
            <line number="117" hits="0" branch="False" />
          </lines>
        </class>
        <class name="ECommerceApp.Infrastructure.BalanceManagement.BalanceManagementService/&lt;PostAsync&gt;d__11`2" filename="ECommercePaymentIntegration.Application\Services\BalanceManagement\BalanceManagementService.cs" line-rate="0" branch-rate="1" complexity="1">
          <methods>
            <method name="MoveNext" signature="()" line-rate="0" branch-rate="1" complexity="1">
              <lines>
                <line number="76" hits="0" branch="False" />
                <line number="78" hits="0" branch="False" />
              </lines>
            </method>
          </methods>
          <lines>
            <line number="76" hits="0" branch="False" />
            <line number="78" hits="0" branch="False" />
          </lines>
        </class>
        <class name="ECommerceApp.Infrastructure.BalanceManagement.BalanceManagementService/&lt;PreorderAsync&gt;d__6" filename="ECommercePaymentIntegration.Application\Services\BalanceManagement\BalanceManagementService.cs" line-rate="0" branch-rate="1" complexity="1">
          <methods>
            <method name="MoveNext" signature="()" line-rate="0" branch-rate="1" complexity="1">
              <lines>
                <line number="51" hits="0" branch="False" />
                <line number="52" hits="0" branch="False" />
                <line number="53" hits="0" branch="False" />
              </lines>
            </method>
          </methods>
          <lines>
            <line number="51" hits="0" branch="False" />
            <line number="52" hits="0" branch="False" />
            <line number="53" hits="0" branch="False" />
          </lines>
        </class>
        <class name="ECommerceApp.Infrastructure.BalanceManagement.BalanceManagementService/&lt;ResilientHttpOperationAsync&gt;d__12`1" filename="ECommercePaymentIntegration.Application\Services\BalanceManagement\BalanceManagementService.cs" line-rate="0" branch-rate="0" complexity="4">
          <methods>
            <method name="MoveNext" signature="()" line-rate="0" branch-rate="0" complexity="4">
              <lines>
                <line number="81" hits="0" branch="False" />
                <line number="82" hits="0" branch="True" condition-coverage="0% (0/4)">
                  <conditions>
                    <condition number="70" type="jump" coverage="0%" />
                    <condition number="107" type="jump" coverage="0%" />
                  </conditions>
                </line>
                <line number="84" hits="0" branch="False" />
                <line number="85" hits="0" branch="False" />
                <line number="87" hits="0" branch="False" />
                <line number="92" hits="0" branch="False" />
                <line number="93" hits="0" branch="False" />
              </lines>
            </method>
          </methods>
          <lines>
            <line number="81" hits="0" branch="False" />
            <line number="82" hits="0" branch="True" condition-coverage="0% (0/4)">
              <conditions>
                <condition number="70" type="jump" coverage="0%" />
                <condition number="107" type="jump" coverage="0%" />
              </conditions>
            </line>
            <line number="84" hits="0" branch="False" />
            <line number="85" hits="0" branch="False" />
            <line number="87" hits="0" branch="False" />
            <line number="92" hits="0" branch="False" />
            <line number="93" hits="0" branch="False" />
          </lines>
        </class>
        <class name="ECommerceApp.Infrastructure.BalanceManagement.BalanceManagementService/&lt;get_TimeoutStatusCodes&gt;d__4" filename="ECommercePaymentIntegration.Application\Services\BalanceManagement\BalanceManagementService.cs" line-rate="0" branch-rate="1" complexity="1">
          <methods>
            <method name="MoveNext" signature="()" line-rate="0" branch-rate="1" complexity="1">
              <lines>
                <line number="39" hits="0" branch="False" />
                <line number="40" hits="0" branch="False" />
                <line number="41" hits="0" branch="False" />
                <line number="42" hits="0" branch="False" />
              </lines>
            </method>
          </methods>
          <lines>
            <line number="39" hits="0" branch="False" />
            <line number="40" hits="0" branch="False" />
            <line number="41" hits="0" branch="False" />
            <line number="42" hits="0" branch="False" />
          </lines>
        </class>
        <class name="ECommercePaymentIntegration.Application.Validators.CompleteOrderRequestValidator" filename="ECommercePaymentIntegration.Application\Validators\CompleteOrderRequestValidator.cs" line-rate="1" branch-rate="1" complexity="1">
          <methods>
            <method name=".ctor" signature="()" line-rate="1" branch-rate="1" complexity="1">
              <lines>
                <line number="8" hits="8" branch="False" />
                <line number="9" hits="8" branch="False" />
                <line number="10" hits="8" branch="False" />
                <line number="11" hits="8" branch="False" />
              </lines>
            </method>
          </methods>
          <lines>
            <line number="8" hits="8" branch="False" />
            <line number="9" hits="8" branch="False" />
            <line number="10" hits="8" branch="False" />
            <line number="11" hits="8" branch="False" />
          </lines>
        </class>
        <class name="ECommercePaymentIntegration.Application.Validators.CreateOrderRequestValidator" filename="ECommercePaymentIntegration.Application\Validators\CreateOrderRequestValidator.cs" line-rate="1" branch-rate="1" complexity="1">
          <methods>
            <method name=".ctor" signature="()" line-rate="1" branch-rate="1" complexity="1">
              <lines>
                <line number="8" hits="8" branch="False" />
                <line number="9" hits="8" branch="False" />
                <line number="10" hits="8" branch="False" />
                <line number="11" hits="8" branch="False" />
                <line number="12" hits="8" branch="False" />
              </lines>
            </method>
          </methods>
          <lines>
            <line number="8" hits="8" branch="False" />
            <line number="9" hits="8" branch="False" />
            <line number="10" hits="8" branch="False" />
            <line number="11" hits="8" branch="False" />
            <line number="12" hits="8" branch="False" />
          </lines>
        </class>
        <class name="ECommercePaymentIntegration.Application.Validators.OrderItemDtoValidator" filename="ECommercePaymentIntegration.Application\Validators\OrderItemDtoValidator.cs" line-rate="1" branch-rate="1" complexity="1">
          <methods>
            <method name=".ctor" signature="()" line-rate="1" branch-rate="1" complexity="1">
              <lines>
                <line number="8" hits="8" branch="False" />
                <line number="9" hits="8" branch="False" />
                <line number="10" hits="8" branch="False" />
                <line number="11" hits="8" branch="False" />
                <line number="12" hits="8" branch="False" />
              </lines>
            </method>
          </methods>
          <lines>
            <line number="8" hits="8" branch="False" />
            <line number="9" hits="8" branch="False" />
            <line number="10" hits="8" branch="False" />
            <line number="11" hits="8" branch="False" />
            <line number="12" hits="8" branch="False" />
          </lines>
        </class>
        <class name="ECommercePaymentIntegration.Application.Services.PaymentIntegration.PaymentIntegrationService" filename="ECommercePaymentIntegration.Application\Services\PaymentIntegration\PaymentIntegrationService.cs" line-rate="1" branch-rate="1" complexity="1">
          <methods>
            <method name=".ctor" signature="(ECommercePaymentIntegration.Application.Interfaces.BalanceManagement.IBalanceManagementService,ECommercePaymentIntegration.Infrastructure.Persistence.IOrderRepository,AutoMapper.IMapper,Microsoft.Extensions.Logging.ILogger`1&lt;ECommercePaymentIntegration.Application.Services.PaymentIntegration.PaymentIntegrationService&gt;,FluentValidation.IValidator`1&lt;ECommercePaymentIntegration.Application.DTO.BalanceManagement.Requests.CompleteOrderRequest&gt;,FluentValidation.IValidator`1&lt;ECommercePaymentIntegration.Application.DTO.PaymentIntegration.Requests.CreateOrderRequest&gt;)" line-rate="1" branch-rate="1" complexity="1">
              <lines>
                <line number="31" hits="8" branch="False" />
                <line number="32" hits="8" branch="False" />
                <line number="33" hits="8" branch="False" />
                <line number="34" hits="8" branch="False" />
                <line number="35" hits="8" branch="False" />
                <line number="36" hits="8" branch="False" />
                <line number="37" hits="8" branch="False" />
                <line number="38" hits="8" branch="False" />
                <line number="39" hits="8" branch="False" />
              </lines>
            </method>
          </methods>
          <lines>
            <line number="31" hits="8" branch="False" />
            <line number="32" hits="8" branch="False" />
            <line number="33" hits="8" branch="False" />
            <line number="34" hits="8" branch="False" />
            <line number="35" hits="8" branch="False" />
            <line number="36" hits="8" branch="False" />
            <line number="37" hits="8" branch="False" />
            <line number="38" hits="8" branch="False" />
            <line number="39" hits="8" branch="False" />
          </lines>
        </class>
        <class name="ECommercePaymentIntegration.Application.Services.PaymentIntegration.PaymentIntegrationService/&lt;&gt;c" filename="ECommercePaymentIntegration.Application\Services\PaymentIntegration\PaymentIntegrationService.cs" line-rate="0.75" branch-rate="1" complexity="4">
          <methods>
            <method name="&lt;GetProductsAsync&gt;b__7_0" signature="(ECommercePaymentIntegration.Application.DTO.BalanceManagement.ProductDto)" line-rate="0" branch-rate="1" complexity="1">
              <lines>
                <line number="44" hits="0" branch="False" />
              </lines>
            </method>
            <method name="&lt;CreateOrderObjectAsync&gt;b__14_0" signature="(ECommercePaymentIntegration.Application.DTO.BalanceManagement.ProductDto)" line-rate="1" branch-rate="1" complexity="1">
              <lines>
                <line number="158" hits="12" branch="False" />
              </lines>
            </method>
            <method name="&lt;CreateOrderObjectAsync&gt;b__14_2" signature="(ECommercePaymentIntegration.Application.DTO.PaymentIntegration.OrderItemDto)" line-rate="1" branch-rate="1" complexity="1">
              <lines>
                <line number="188" hits="2" branch="False" />
              </lines>
            </method>
            <method name="&lt;CreateOrderObjectAsync&gt;b__14_3" signature="(ECommercePaymentIntegration.Application.DTO.PaymentIntegration.OrderItemDto)" line-rate="1" branch-rate="1" complexity="1">
              <lines>
                <line number="193" hits="2" branch="False" />
              </lines>
            </method>
          </methods>
          <lines>
            <line number="44" hits="0" branch="False" />
            <line number="158" hits="12" branch="False" />
            <line number="188" hits="2" branch="False" />
            <line number="193" hits="2" branch="False" />
          </lines>
        </class>
        <class name="ECommercePaymentIntegration.Application.Services.PaymentIntegration.PaymentIntegrationService/&lt;&gt;c__DisplayClass10_0/&lt;&lt;CompleteOrder&gt;b__0&gt;d" filename="ECommercePaymentIntegration.Application\Services\PaymentIntegration\PaymentIntegrationService.cs" line-rate="1" branch-rate="1" complexity="1">
          <methods>
            <method name="MoveNext" signature="()" line-rate="1" branch-rate="1" complexity="1">
              <lines>
                <line number="98" hits="1" branch="False" />
              </lines>
            </method>
          </methods>
          <lines>
            <line number="98" hits="1" branch="False" />
          </lines>
        </class>
        <class name="ECommercePaymentIntegration.Application.Services.PaymentIntegration.PaymentIntegrationService/&lt;&gt;c__DisplayClass10_0/&lt;&lt;CompleteOrder&gt;b__1&gt;d" filename="ECommercePaymentIntegration.Application\Services\PaymentIntegration\PaymentIntegrationService.cs" line-rate="1" branch-rate="1" complexity="1">
          <methods>
            <method name="MoveNext" signature="()" line-rate="1" branch-rate="1" complexity="1">
              <lines>
                <line number="100" hits="1" branch="False" />
                <line number="101" hits="1" branch="False" />
                <line number="102" hits="1" branch="False" />
                <line number="103" hits="5" branch="False" />
              </lines>
            </method>
          </methods>
          <lines>
            <line number="100" hits="1" branch="False" />
            <line number="101" hits="1" branch="False" />
            <line number="102" hits="1" branch="False" />
            <line number="103" hits="5" branch="False" />
          </lines>
        </class>
        <class name="ECommercePaymentIntegration.Application.Services.PaymentIntegration.PaymentIntegrationService/&lt;&gt;c__DisplayClass10_0/&lt;&lt;CompleteOrder&gt;b__2&gt;d" filename="ECommercePaymentIntegration.Application\Services\PaymentIntegration\PaymentIntegrationService.cs" line-rate="1" branch-rate="1" complexity="1">
          <methods>
            <method name="MoveNext" signature="()" line-rate="1" branch-rate="1" complexity="1">
              <lines>
                <line number="105" hits="8" branch="False" />
              </lines>
            </method>
          </methods>
          <lines>
            <line number="105" hits="8" branch="False" />
          </lines>
        </class>
        <class name="ECommercePaymentIntegration.Application.Services.PaymentIntegration.PaymentIntegrationService/&lt;AddErrorToExistingOrder&gt;d__15" filename="ECommercePaymentIntegration.Application\Services\PaymentIntegration\PaymentIntegrationService.cs" line-rate="0.625" branch-rate="0.5" complexity="2">
          <methods>
            <method name="MoveNext" signature="()" line-rate="0.625" branch-rate="0.5" complexity="2">
              <lines>
                <line number="200" hits="1" branch="False" />
                <line number="201" hits="1" branch="False" />
                <line number="202" hits="1" branch="True" condition-coverage="50% (1/2)">
                  <conditions>
                    <condition number="162" type="jump" coverage="50%" />
                  </conditions>
                </line>
                <line number="203" hits="0" branch="False" />
                <line number="204" hits="0" branch="False" />
                <line number="205" hits="0" branch="False" />
                <line number="208" hits="1" branch="False" />
                <line number="209" hits="1" branch="False" />
              </lines>
            </method>
          </methods>
          <lines>
            <line number="200" hits="1" branch="False" />
            <line number="201" hits="1" branch="False" />
            <line number="202" hits="1" branch="True" condition-coverage="50% (1/2)">
              <conditions>
                <condition number="162" type="jump" coverage="50%" />
              </conditions>
            </line>
            <line number="203" hits="0" branch="False" />
            <line number="204" hits="0" branch="False" />
            <line number="205" hits="0" branch="False" />
            <line number="208" hits="1" branch="False" />
            <line number="209" hits="1" branch="False" />
          </lines>
        </class>
        <class name="ECommercePaymentIntegration.Application.Services.PaymentIntegration.PaymentIntegrationService/&lt;CancelOrderAsync&gt;d__12" filename="ECommercePaymentIntegration.Application\Services\PaymentIntegration\PaymentIntegrationService.cs" line-rate="1" branch-rate="1" complexity="1">
          <methods>
            <method name="MoveNext" signature="()" line-rate="1" branch-rate="1" complexity="1">
              <lines>
                <line number="129" hits="1" branch="False" />
                <line number="130" hits="1" branch="False" />
                <line number="131" hits="1" branch="False" />
                <line number="132" hits="1" branch="False" />
                <line number="133" hits="1" branch="False" />
              </lines>
            </method>
          </methods>
          <lines>
            <line number="129" hits="1" branch="False" />
            <line number="130" hits="1" branch="False" />
            <line number="131" hits="1" branch="False" />
            <line number="132" hits="1" branch="False" />
            <line number="133" hits="1" branch="False" />
          </lines>
        </class>
        <class name="ECommercePaymentIntegration.Application.Services.PaymentIntegration.PaymentIntegrationService/&lt;CompleteOrder&gt;d__10" filename="ECommercePaymentIntegration.Application\Services\PaymentIntegration\PaymentIntegrationService.cs" line-rate="0.8823000000000001" branch-rate="0.8332999999999999" complexity="6">
          <methods>
            <method name="MoveNext" signature="()" line-rate="0.8823000000000001" branch-rate="0.8332999999999999" complexity="6">
              <lines>
                <line number="90" hits="4" branch="False" />
                <line number="91" hits="4" branch="False" />
                <line number="92" hits="4" branch="True" condition-coverage="50% (1/2)">
                  <conditions>
                    <condition number="112" type="jump" coverage="50%" />
                  </conditions>
                </line>
                <line number="93" hits="0" branch="False" />
                <line number="94" hits="0" branch="False" />
                <line number="97" hits="4" branch="False" />
                <line number="99" hits="4" branch="False" />
                <line number="107" hits="4" branch="True" condition-coverage="100% (2/2)">
                  <conditions>
                    <condition number="353" type="jump" coverage="100%" />
                  </conditions>
                </line>
                <line number="108" hits="2" branch="False" />
                <line number="109" hits="2" branch="False" />
                <line number="110" hits="2" branch="True" condition-coverage="100% (2/2)">
                  <conditions>
                    <condition number="403" type="jump" coverage="100%" />
                  </conditions>
                </line>
                <line number="111" hits="2" branch="False" />
                <line number="112" hits="2" branch="False" />
                <line number="113" hits="2" branch="False" />
                <line number="115" hits="2" branch="False" />
                <line number="118" hits="2" branch="False" />
                <line number="119" hits="2" branch="False" />
              </lines>
            </method>
          </methods>
          <lines>
            <line number="90" hits="4" branch="False" />
            <line number="91" hits="4" branch="False" />
            <line number="92" hits="4" branch="True" condition-coverage="50% (1/2)">
              <conditions>
                <condition number="112" type="jump" coverage="50%" />
              </conditions>
            </line>
            <line number="93" hits="0" branch="False" />
            <line number="94" hits="0" branch="False" />
            <line number="97" hits="4" branch="False" />
            <line number="99" hits="4" branch="False" />
            <line number="107" hits="4" branch="True" condition-coverage="100% (2/2)">
              <conditions>
                <condition number="353" type="jump" coverage="100%" />
              </conditions>
            </line>
            <line number="108" hits="2" branch="False" />
            <line number="109" hits="2" branch="False" />
            <line number="110" hits="2" branch="True" condition-coverage="100% (2/2)">
              <conditions>
                <condition number="403" type="jump" coverage="100%" />
              </conditions>
            </line>
            <line number="111" hits="2" branch="False" />
            <line number="112" hits="2" branch="False" />
            <line number="113" hits="2" branch="False" />
            <line number="115" hits="2" branch="False" />
            <line number="118" hits="2" branch="False" />
            <line number="119" hits="2" branch="False" />
          </lines>
        </class>
        <class name="ECommercePaymentIntegration.Application.Services.PaymentIntegration.PaymentIntegrationService/&lt;CompleteOrderAsync&gt;d__11" filename="ECommercePaymentIntegration.Application\Services\PaymentIntegration\PaymentIntegrationService.cs" line-rate="1" branch-rate="1" complexity="1">
          <methods>
            <method name="MoveNext" signature="()" line-rate="1" branch-rate="1" complexity="1">
              <lines>
                <line number="122" hits="4" branch="False" />
                <line number="123" hits="4" branch="False" />
                <line number="124" hits="1" branch="False" />
                <line number="125" hits="1" branch="False" />
                <line number="126" hits="1" branch="False" />
              </lines>
            </method>
          </methods>
          <lines>
            <line number="122" hits="4" branch="False" />
            <line number="123" hits="4" branch="False" />
            <line number="124" hits="1" branch="False" />
            <line number="125" hits="1" branch="False" />
            <line number="126" hits="1" branch="False" />
          </lines>
        </class>
        <class name="ECommercePaymentIntegration.Application.Services.PaymentIntegration.PaymentIntegrationService/&lt;CreateOrderAsync&gt;d__8" filename="ECommercePaymentIntegration.Application\Services\PaymentIntegration\PaymentIntegrationService.cs" line-rate="0.8823000000000001" branch-rate="0.75" complexity="4">
          <methods>
            <method name="MoveNext" signature="()" line-rate="0.8823000000000001" branch-rate="0.75" complexity="4">
              <lines>
                <line number="49" hits="4" branch="False" />
                <line number="50" hits="4" branch="False" />
                <line number="51" hits="4" branch="True" condition-coverage="50% (1/2)">
                  <conditions>
                    <condition number="87" type="jump" coverage="50%" />
                  </conditions>
                </line>
                <line number="52" hits="0" branch="False" />
                <line number="53" hits="0" branch="False" />
                <line number="56" hits="4" branch="False" />
                <line number="59" hits="2" branch="False" />
                <line number="60" hits="2" branch="False" />
                <line number="62" hits="1" branch="False" />
                <line number="63" hits="1" branch="False" />
                <line number="64" hits="1" branch="True" condition-coverage="100% (2/2)">
                  <conditions>
                    <condition number="514" type="jump" coverage="100%" />
                  </conditions>
                </line>
                <line number="65" hits="1" branch="False" />
                <line number="66" hits="1" branch="False" />
                <line number="67" hits="1" branch="False" />
                <line number="69" hits="1" branch="False" />
                <line number="70" hits="1" branch="False" />
                <line number="72" hits="1" branch="False" />
              </lines>
            </method>
          </methods>
          <lines>
            <line number="49" hits="4" branch="False" />
            <line number="50" hits="4" branch="False" />
            <line number="51" hits="4" branch="True" condition-coverage="50% (1/2)">
              <conditions>
                <condition number="87" type="jump" coverage="50%" />
              </conditions>
            </line>
            <line number="52" hits="0" branch="False" />
            <line number="53" hits="0" branch="False" />
            <line number="56" hits="4" branch="False" />
            <line number="59" hits="2" branch="False" />
            <line number="60" hits="2" branch="False" />
            <line number="62" hits="1" branch="False" />
            <line number="63" hits="1" branch="False" />
            <line number="64" hits="1" branch="True" condition-coverage="100% (2/2)">
              <conditions>
                <condition number="514" type="jump" coverage="100%" />
              </conditions>
            </line>
            <line number="65" hits="1" branch="False" />
            <line number="66" hits="1" branch="False" />
            <line number="67" hits="1" branch="False" />
            <line number="69" hits="1" branch="False" />
            <line number="70" hits="1" branch="False" />
            <line number="72" hits="1" branch="False" />
          </lines>
        </class>
        <class name="ECommercePaymentIntegration.Application.Services.PaymentIntegration.PaymentIntegrationService/&lt;CreateOrderObjectAsync&gt;d__14" filename="ECommercePaymentIntegration.Application\Services\PaymentIntegration\PaymentIntegrationService.cs" line-rate="1" branch-rate="1" complexity="10">
          <methods>
            <method name="MoveNext" signature="()" line-rate="1" branch-rate="1" complexity="10">
              <lines>
                <line number="156" hits="4" branch="False" />
                <line number="157" hits="4" branch="False" />
                <line number="159" hits="4" branch="False" />
                <line number="160" hits="4" branch="False" />
                <line number="161" hits="4" branch="False" />
                <line number="162" hits="4" branch="False" />
                <line number="163" hits="4" branch="False" />
                <line number="164" hits="4" branch="False" />
                <line number="165" hits="20" branch="True" condition-coverage="100% (2/2)">
                  <conditions>
                    <condition number="585" type="jump" coverage="100%" />
                  </conditions>
                </line>
                <line number="166" hits="4" branch="False" />
                <line number="167" hits="4" branch="True" condition-coverage="100% (2/2)">
                  <conditions>
                    <condition number="357" type="jump" coverage="100%" />
                  </conditions>
                </line>
                <line number="168" hits="1" branch="False" />
                <line number="169" hits="1" branch="False" />
                <line number="170" hits="1" branch="False" />
                <line number="173" hits="3" branch="True" condition-coverage="100% (2/2)">
                  <conditions>
                    <condition number="411" type="jump" coverage="100%" />
                  </conditions>
                </line>
                <line number="174" hits="1" branch="False" />
                <line number="175" hits="1" branch="False" />
                <line number="176" hits="1" branch="False" />
                <line number="179" hits="2" branch="False" />
                <line number="180" hits="2" branch="False" />
                <line number="181" hits="2" branch="False" />
                <line number="182" hits="2" branch="False" />
                <line number="183" hits="2" branch="False" />
                <line number="184" hits="2" branch="False" />
                <line number="186" hits="4" branch="True" condition-coverage="100% (2/2)">
                  <conditions>
                    <condition number="639" type="jump" coverage="100%" />
                  </conditions>
                </line>
                <line number="187" hits="1" branch="False" />
                <line number="191" hits="3" branch="True" condition-coverage="100% (2/2)">
                  <conditions>
                    <condition number="720" type="jump" coverage="100%" />
                  </conditions>
                </line>
                <line number="192" hits="1" branch="False" />
                <line number="195" hits="2" branch="False" />
                <line number="196" hits="2" branch="False" />
                <line number="197" hits="2" branch="False" />
              </lines>
            </method>
          </methods>
          <lines>
            <line number="156" hits="4" branch="False" />
            <line number="157" hits="4" branch="False" />
            <line number="159" hits="4" branch="False" />
            <line number="160" hits="4" branch="False" />
            <line number="161" hits="4" branch="False" />
            <line number="162" hits="4" branch="False" />
            <line number="163" hits="4" branch="False" />
            <line number="164" hits="4" branch="False" />
            <line number="165" hits="20" branch="True" condition-coverage="100% (2/2)">
              <conditions>
                <condition number="585" type="jump" coverage="100%" />
              </conditions>
            </line>
            <line number="166" hits="4" branch="False" />
            <line number="167" hits="4" branch="True" condition-coverage="100% (2/2)">
              <conditions>
                <condition number="357" type="jump" coverage="100%" />
              </conditions>
            </line>
            <line number="168" hits="1" branch="False" />
            <line number="169" hits="1" branch="False" />
            <line number="170" hits="1" branch="False" />
            <line number="173" hits="3" branch="True" condition-coverage="100% (2/2)">
              <conditions>
                <condition number="411" type="jump" coverage="100%" />
              </conditions>
            </line>
            <line number="174" hits="1" branch="False" />
            <line number="175" hits="1" branch="False" />
            <line number="176" hits="1" branch="False" />
            <line number="179" hits="2" branch="False" />
            <line number="180" hits="2" branch="False" />
            <line number="181" hits="2" branch="False" />
            <line number="182" hits="2" branch="False" />
            <line number="183" hits="2" branch="False" />
            <line number="184" hits="2" branch="False" />
            <line number="186" hits="4" branch="True" condition-coverage="100% (2/2)">
              <conditions>
                <condition number="639" type="jump" coverage="100%" />
              </conditions>
            </line>
            <line number="187" hits="1" branch="False" />
            <line number="191" hits="3" branch="True" condition-coverage="100% (2/2)">
              <conditions>
                <condition number="720" type="jump" coverage="100%" />
              </conditions>
            </line>
            <line number="192" hits="1" branch="False" />
            <line number="195" hits="2" branch="False" />
            <line number="196" hits="2" branch="False" />
            <line number="197" hits="2" branch="False" />
          </lines>
        </class>
        <class name="ECommercePaymentIntegration.Application.Services.PaymentIntegration.PaymentIntegrationService/&lt;GetProductsAsync&gt;d__7" filename="ECommercePaymentIntegration.Application\Services\PaymentIntegration\PaymentIntegrationService.cs" line-rate="0" branch-rate="1" complexity="1">
          <methods>
            <method name="MoveNext" signature="()" line-rate="0" branch-rate="1" complexity="1">
              <lines>
                <line number="42" hits="0" branch="False" />
                <line number="43" hits="0" branch="False" />
                <line number="45" hits="0" branch="False" />
                <line number="46" hits="0" branch="False" />
              </lines>
            </method>
          </methods>
          <lines>
            <line number="42" hits="0" branch="False" />
            <line number="43" hits="0" branch="False" />
            <line number="45" hits="0" branch="False" />
            <line number="46" hits="0" branch="False" />
          </lines>
        </class>
        <class name="ECommercePaymentIntegration.Application.Services.PaymentIntegration.PaymentIntegrationService/&lt;PreorderAsync&gt;d__13" filename="ECommercePaymentIntegration.Application\Services\PaymentIntegration\PaymentIntegrationService.cs" line-rate="0.7857" branch-rate="0.5" complexity="2">
          <methods>
            <method name="MoveNext" signature="()" line-rate="0.7857" branch-rate="0.5" complexity="2">
              <lines>
                <line number="136" hits="2" branch="False" />
                <line number="137" hits="2" branch="False" />
                <line number="139" hits="1" branch="False" />
                <line number="140" hits="1" branch="True" condition-coverage="50% (1/2)">
                  <conditions>
                    <condition number="333" type="jump" coverage="50%" />
                  </conditions>
                </line>
                <line number="141" hits="1" branch="False" />
                <line number="142" hits="1" branch="False" />
                <line number="143" hits="1" branch="False" />
                <line number="144" hits="1" branch="False" />
                <line number="146" hits="0" branch="False" />
                <line number="147" hits="0" branch="False" />
                <line number="148" hits="0" branch="False" />
                <line number="150" hits="1" branch="False" />
                <line number="152" hits="1" branch="False" />
                <line number="153" hits="1" branch="False" />
              </lines>
            </method>
          </methods>
          <lines>
            <line number="136" hits="2" branch="False" />
            <line number="137" hits="2" branch="False" />
            <line number="139" hits="1" branch="False" />
            <line number="140" hits="1" branch="True" condition-coverage="50% (1/2)">
              <conditions>
                <condition number="333" type="jump" coverage="50%" />
              </conditions>
            </line>
            <line number="141" hits="1" branch="False" />
            <line number="142" hits="1" branch="False" />
            <line number="143" hits="1" branch="False" />
            <line number="144" hits="1" branch="False" />
            <line number="146" hits="0" branch="False" />
            <line number="147" hits="0" branch="False" />
            <line number="148" hits="0" branch="False" />
            <line number="150" hits="1" branch="False" />
            <line number="152" hits="1" branch="False" />
            <line number="153" hits="1" branch="False" />
          </lines>
        </class>
        <class name="ECommercePaymentIntegration.Application.Services.PaymentIntegration.PaymentIntegrationService/&lt;SetFailedStatus&gt;d__9" filename="ECommercePaymentIntegration.Application\Services\PaymentIntegration\PaymentIntegrationService.cs" line-rate="0.75" branch-rate="0.5" complexity="2">
          <methods>
            <method name="MoveNext" signature="()" line-rate="0.75" branch-rate="0.5" complexity="2">
              <lines>
                <line number="75" hits="1" branch="False" />
                <line number="76" hits="1" branch="False" />
                <line number="77" hits="1" branch="True" condition-coverage="50% (1/2)">
                  <conditions>
                    <condition number="173" type="jump" coverage="50%" />
                  </conditions>
                </line>
                <line number="78" hits="1" branch="False" />
                <line number="79" hits="1" branch="False" />
                <line number="80" hits="1" branch="False" />
                <line number="81" hits="1" branch="False" />
                <line number="82" hits="1" branch="False" />
                <line number="84" hits="0" branch="False" />
                <line number="85" hits="0" branch="False" />
                <line number="86" hits="0" branch="False" />
                <line number="87" hits="1" branch="False" />
              </lines>
            </method>
          </methods>
          <lines>
            <line number="75" hits="1" branch="False" />
            <line number="76" hits="1" branch="False" />
            <line number="77" hits="1" branch="True" condition-coverage="50% (1/2)">
              <conditions>
                <condition number="173" type="jump" coverage="50%" />
              </conditions>
            </line>
            <line number="78" hits="1" branch="False" />
            <line number="79" hits="1" branch="False" />
            <line number="80" hits="1" branch="False" />
            <line number="81" hits="1" branch="False" />
            <line number="82" hits="1" branch="False" />
            <line number="84" hits="0" branch="False" />
            <line number="85" hits="0" branch="False" />
            <line number="86" hits="0" branch="False" />
            <line number="87" hits="1" branch="False" />
          </lines>
        </class>
        <class name="ECommercePaymentIntegration.Application.Services.PaymentIntegration.PaymentIntegrationService/&lt;UpdateOrderStatus&gt;d__16" filename="ECommercePaymentIntegration.Application\Services\PaymentIntegration\PaymentIntegrationService.cs" line-rate="0.7692" branch-rate="0.75" complexity="4">
          <methods>
            <method name="MoveNext" signature="()" line-rate="0.7692" branch-rate="0.75" complexity="4">
              <lines>
                <line number="212" hits="2" branch="False" />
                <line number="213" hits="2" branch="False" />
                <line number="214" hits="2" branch="True" condition-coverage="50% (1/2)">
                  <conditions>
                    <condition number="173" type="jump" coverage="50%" />
                  </conditions>
                </line>
                <line number="215" hits="0" branch="False" />
                <line number="216" hits="0" branch="False" />
                <line number="217" hits="0" branch="False" />
                <line number="220" hits="2" branch="False" />
                <line number="221" hits="2" branch="True" condition-coverage="100% (2/2)">
                  <conditions>
                    <condition number="260" type="jump" coverage="100%" />
                  </conditions>
                </line>
                <line number="222" hits="1" branch="False" />
                <line number="223" hits="1" branch="False" />
                <line number="224" hits="1" branch="False" />
                <line number="226" hits="2" branch="False" />
                <line number="227" hits="2" branch="False" />
              </lines>
            </method>
          </methods>
          <lines>
            <line number="212" hits="2" branch="False" />
            <line number="213" hits="2" branch="False" />
            <line number="214" hits="2" branch="True" condition-coverage="50% (1/2)">
              <conditions>
                <condition number="173" type="jump" coverage="50%" />
              </conditions>
            </line>
            <line number="215" hits="0" branch="False" />
            <line number="216" hits="0" branch="False" />
            <line number="217" hits="0" branch="False" />
            <line number="220" hits="2" branch="False" />
            <line number="221" hits="2" branch="True" condition-coverage="100% (2/2)">
              <conditions>
                <condition number="260" type="jump" coverage="100%" />
              </conditions>
            </line>
            <line number="222" hits="1" branch="False" />
            <line number="223" hits="1" branch="False" />
            <line number="224" hits="1" branch="False" />
            <line number="226" hits="2" branch="False" />
            <line number="227" hits="2" branch="False" />
          </lines>
        </class>
        <class name="ECommercePaymentIntegration.Application.Json.JsonSerializerSettings" filename="ECommercePaymentIntegration.Application\Json\JsonSerializerSettings.cs" line-rate="0" branch-rate="1" complexity="1">
          <methods>
            <method name="get_BalanceManagementServiceJsonSerializerOptions" signature="()" line-rate="0" branch-rate="1" complexity="1">
              <lines>
                <line number="8" hits="0" branch="False" />
                <line number="9" hits="0" branch="False" />
                <line number="10" hits="0" branch="False" />
                <line number="11" hits="0" branch="False" />
                <line number="12" hits="0" branch="False" />
                <line number="13" hits="0" branch="False" />
              </lines>
            </method>
          </methods>
          <lines>
            <line number="8" hits="0" branch="False" />
            <line number="9" hits="0" branch="False" />
            <line number="10" hits="0" branch="False" />
            <line number="11" hits="0" branch="False" />
            <line number="12" hits="0" branch="False" />
            <line number="13" hits="0" branch="False" />
          </lines>
        </class>
        <class name="ECommercePaymentIntegration.Application.Exceptions.BadRequestException" filename="ECommercePaymentIntegration.Application\Exceptions\BadRequestException.cs" line-rate="0.25" branch-rate="1" complexity="4">
          <methods>
            <method name=".ctor" signature="()" line-rate="1" branch-rate="1" complexity="1">
              <lines>
                <line number="9" hits="2" branch="False" />
                <line number="10" hits="2" branch="False" />
                <line number="11" hits="2" branch="False" />
              </lines>
            </method>
            <method name=".ctor" signature="(System.String)" line-rate="0" branch-rate="1" complexity="1">
              <lines>
                <line number="14" hits="0" branch="False" />
                <line number="15" hits="0" branch="False" />
                <line number="16" hits="0" branch="False" />
              </lines>
            </method>
            <method name=".ctor" signature="(System.String,System.String)" line-rate="0" branch-rate="1" complexity="1">
              <lines>
                <line number="19" hits="0" branch="False" />
                <line number="20" hits="0" branch="False" />
                <line number="21" hits="0" branch="False" />
              </lines>
            </method>
            <method name=".ctor" signature="(System.String,System.Exception)" line-rate="0" branch-rate="1" complexity="1">
              <lines>
                <line number="24" hits="0" branch="False" />
                <line number="25" hits="0" branch="False" />
                <line number="26" hits="0" branch="False" />
              </lines>
            </method>
          </methods>
          <lines>
            <line number="9" hits="2" branch="False" />
            <line number="10" hits="2" branch="False" />
            <line number="11" hits="2" branch="False" />
            <line number="14" hits="0" branch="False" />
            <line number="15" hits="0" branch="False" />
            <line number="16" hits="0" branch="False" />
            <line number="19" hits="0" branch="False" />
            <line number="20" hits="0" branch="False" />
            <line number="21" hits="0" branch="False" />
            <line number="24" hits="0" branch="False" />
            <line number="25" hits="0" branch="False" />
            <line number="26" hits="0" branch="False" />
          </lines>
        </class>
        <class name="ECommercePaymentIntegration.Application.Exceptions.BalanceManagementServiceException" filename="ECommercePaymentIntegration.Application\Exceptions\BalanceManagementServiceException.cs" line-rate="0.125" branch-rate="1" complexity="8">
          <methods>
            <method name=".ctor" signature="(System.Net.HttpStatusCode)" line-rate="0" branch-rate="1" complexity="1">
              <lines>
                <line number="9" hits="0" branch="False" />
                <line number="10" hits="0" branch="False" />
                <line number="11" hits="0" branch="False" />
              </lines>
            </method>
            <method name=".ctor" signature="(System.Net.HttpStatusCode,System.String)" line-rate="0" branch-rate="1" complexity="1">
              <lines>
                <line number="14" hits="0" branch="False" />
                <line number="15" hits="0" branch="False" />
                <line number="16" hits="0" branch="False" />
              </lines>
            </method>
            <method name=".ctor" signature="(System.Net.HttpStatusCode,System.String,System.String)" line-rate="0" branch-rate="1" complexity="1">
              <lines>
                <line number="19" hits="0" branch="False" />
                <line number="20" hits="0" branch="False" />
                <line number="21" hits="0" branch="False" />
              </lines>
            </method>
            <method name=".ctor" signature="(System.Net.HttpStatusCode,System.String,System.Exception)" line-rate="0" branch-rate="1" complexity="1">
              <lines>
                <line number="24" hits="0" branch="False" />
                <line number="25" hits="0" branch="False" />
                <line number="26" hits="0" branch="False" />
              </lines>
            </method>
            <method name=".ctor" signature="()" line-rate="1" branch-rate="1" complexity="1">
              <lines>
                <line number="29" hits="1" branch="False" />
                <line number="30" hits="1" branch="False" />
                <line number="31" hits="1" branch="False" />
              </lines>
            </method>
            <method name=".ctor" signature="(System.String)" line-rate="0" branch-rate="1" complexity="1">
              <lines>
                <line number="34" hits="0" branch="False" />
                <line number="35" hits="0" branch="False" />
                <line number="36" hits="0" branch="False" />
              </lines>
            </method>
            <method name=".ctor" signature="(System.String,System.String)" line-rate="0" branch-rate="1" complexity="1">
              <lines>
                <line number="39" hits="0" branch="False" />
                <line number="40" hits="0" branch="False" />
                <line number="41" hits="0" branch="False" />
              </lines>
            </method>
            <method name=".ctor" signature="(System.String,System.Exception)" line-rate="0" branch-rate="1" complexity="1">
              <lines>
                <line number="44" hits="0" branch="False" />
                <line number="45" hits="0" branch="False" />
                <line number="46" hits="0" branch="False" />
              </lines>
            </method>
          </methods>
          <lines>
            <line number="9" hits="0" branch="False" />
            <line number="10" hits="0" branch="False" />
            <line number="11" hits="0" branch="False" />
            <line number="14" hits="0" branch="False" />
            <line number="15" hits="0" branch="False" />
            <line number="16" hits="0" branch="False" />
            <line number="19" hits="0" branch="False" />
            <line number="20" hits="0" branch="False" />
            <line number="21" hits="0" branch="False" />
            <line number="24" hits="0" branch="False" />
            <line number="25" hits="0" branch="False" />
            <line number="26" hits="0" branch="False" />
            <line number="29" hits="1" branch="False" />
            <line number="30" hits="1" branch="False" />
            <line number="31" hits="1" branch="False" />
            <line number="34" hits="0" branch="False" />
            <line number="35" hits="0" branch="False" />
            <line number="36" hits="0" branch="False" />
            <line number="39" hits="0" branch="False" />
            <line number="40" hits="0" branch="False" />
            <line number="41" hits="0" branch="False" />
            <line number="44" hits="0" branch="False" />
            <line number="45" hits="0" branch="False" />
            <line number="46" hits="0" branch="False" />
          </lines>
        </class>
        <class name="ECommercePaymentIntegration.Application.Exceptions.NotFoundException" filename="ECommercePaymentIntegration.Application\Exceptions\NotFoundException.cs" line-rate="0.5" branch-rate="1" complexity="4">
          <methods>
            <method name=".ctor" signature="()" line-rate="1" branch-rate="1" complexity="1">
              <lines>
                <line number="9" hits="1" branch="False" />
                <line number="10" hits="1" branch="False" />
                <line number="11" hits="1" branch="False" />
              </lines>
            </method>
            <method name=".ctor" signature="(System.String)" line-rate="0" branch-rate="1" complexity="1">
              <lines>
                <line number="14" hits="0" branch="False" />
                <line number="15" hits="0" branch="False" />
                <line number="16" hits="0" branch="False" />
              </lines>
            </method>
            <method name=".ctor" signature="(System.String,System.String)" line-rate="1" branch-rate="1" complexity="1">
              <lines>
                <line number="19" hits="1" branch="False" />
                <line number="20" hits="1" branch="False" />
                <line number="21" hits="1" branch="False" />
              </lines>
            </method>
            <method name=".ctor" signature="(System.String,System.Exception)" line-rate="0" branch-rate="1" complexity="1">
              <lines>
                <line number="24" hits="0" branch="False" />
                <line number="25" hits="0" branch="False" />
                <line number="26" hits="0" branch="False" />
              </lines>
            </method>
          </methods>
          <lines>
            <line number="9" hits="1" branch="False" />
            <line number="10" hits="1" branch="False" />
            <line number="11" hits="1" branch="False" />
            <line number="14" hits="0" branch="False" />
            <line number="15" hits="0" branch="False" />
            <line number="16" hits="0" branch="False" />
            <line number="19" hits="1" branch="False" />
            <line number="20" hits="1" branch="False" />
            <line number="21" hits="1" branch="False" />
            <line number="24" hits="0" branch="False" />
            <line number="25" hits="0" branch="False" />
            <line number="26" hits="0" branch="False" />
          </lines>
        </class>
        <class name="ECommercePaymentIntegration.Application.Exceptions.OutOfStockException" filename="ECommercePaymentIntegration.Application\Exceptions\OutOfStockException.cs" line-rate="0.25" branch-rate="1" complexity="4">
          <methods>
            <method name=".ctor" signature="()" line-rate="0" branch-rate="1" complexity="1">
              <lines>
                <line number="9" hits="0" branch="False" />
                <line number="10" hits="0" branch="False" />
                <line number="11" hits="0" branch="False" />
              </lines>
            </method>
            <method name=".ctor" signature="(System.String)" line-rate="0" branch-rate="1" complexity="1">
              <lines>
                <line number="14" hits="0" branch="False" />
                <line number="15" hits="0" branch="False" />
                <line number="16" hits="0" branch="False" />
              </lines>
            </method>
            <method name=".ctor" signature="(System.String,System.String)" line-rate="1" branch-rate="1" complexity="1">
              <lines>
                <line number="19" hits="1" branch="False" />
                <line number="20" hits="1" branch="False" />
                <line number="21" hits="1" branch="False" />
              </lines>
            </method>
            <method name=".ctor" signature="(System.String,System.Exception)" line-rate="0" branch-rate="1" complexity="1">
              <lines>
                <line number="24" hits="0" branch="False" />
                <line number="25" hits="0" branch="False" />
                <line number="26" hits="0" branch="False" />
              </lines>
            </method>
          </methods>
          <lines>
            <line number="9" hits="0" branch="False" />
            <line number="10" hits="0" branch="False" />
            <line number="11" hits="0" branch="False" />
            <line number="14" hits="0" branch="False" />
            <line number="15" hits="0" branch="False" />
            <line number="16" hits="0" branch="False" />
            <line number="19" hits="1" branch="False" />
            <line number="20" hits="1" branch="False" />
            <line number="21" hits="1" branch="False" />
            <line number="24" hits="0" branch="False" />
            <line number="25" hits="0" branch="False" />
            <line number="26" hits="0" branch="False" />
          </lines>
        </class>
        <class name="ECommercePaymentIntegration.Application.Exceptions.ServiceExceptionBase" filename="ECommercePaymentIntegration.Application\Exceptions\ServiceExceptionBase.cs" line-rate="0.625" branch-rate="1" complexity="7">
          <methods>
            <method name="get_OrderId" signature="()" line-rate="1" branch-rate="1" complexity="1">
              <lines>
                <line number="19" hits="3" branch="False" />
              </lines>
            </method>
            <method name="get_HttpStatusCode" signature="()" line-rate="0" branch-rate="1" complexity="1">
              <lines>
                <line number="20" hits="0" branch="False" />
              </lines>
            </method>
            <method name="get_Error" signature="()" line-rate="1" branch-rate="1" complexity="1">
              <lines>
                <line number="21" hits="2" branch="False" />
              </lines>
            </method>
            <method name=".ctor" signature="(System.Net.HttpStatusCode,System.String,System.String)" line-rate="1" branch-rate="1" complexity="1">
              <lines>
                <line number="9" hits="4" branch="False" />
              </lines>
            </method>
            <method name=".ctor" signature="(System.Net.HttpStatusCode,System.String)" line-rate="0" branch-rate="1" complexity="1">
              <lines>
                <line number="12" hits="0" branch="False" />
              </lines>
            </method>
            <method name=".ctor" signature="(System.Net.HttpStatusCode)" line-rate="1" branch-rate="1" complexity="1">
              <lines>
                <line number="14" hits="4" branch="False" />
                <line number="15" hits="4" branch="False" />
              </lines>
            </method>
            <method name=".ctor" signature="(System.Net.HttpStatusCode,System.String,System.Exception)" line-rate="0" branch-rate="1" complexity="1">
              <lines>
                <line number="18" hits="0" branch="False" />
              </lines>
            </method>
          </methods>
          <lines>
            <line number="19" hits="3" branch="False" />
            <line number="20" hits="0" branch="False" />
            <line number="21" hits="2" branch="False" />
            <line number="9" hits="4" branch="False" />
            <line number="12" hits="0" branch="False" />
            <line number="14" hits="4" branch="False" />
            <line number="15" hits="4" branch="False" />
            <line number="18" hits="0" branch="False" />
          </lines>
        </class>
        <class name="ECommercePaymentIntegration.Application.DTO.Responses.ErrorResponse" filename="ECommercePaymentIntegration.Application\DTO\Responses\ErrorResponse.cs" line-rate="0" branch-rate="1" complexity="1">
          <methods>
            <method name="get_OrderId" signature="()" line-rate="0" branch-rate="1" complexity="1">
              <lines>
                <line number="5" hits="0" branch="False" />
              </lines>
            </method>
          </methods>
          <lines>
            <line number="5" hits="0" branch="False" />
          </lines>
        </class>
        <class name="ECommercePaymentIntegration.Application.DTO.Responses.ErrorResponseBase" filename="ECommercePaymentIntegration.Application\DTO\Responses\ErrorResponseBase.cs" line-rate="0" branch-rate="1" complexity="2">
          <methods>
            <method name="get_Error" signature="()" line-rate="0" branch-rate="1" complexity="1">
              <lines>
                <line number="5" hits="0" branch="False" />
              </lines>
            </method>
            <method name="get_Message" signature="()" line-rate="0" branch-rate="1" complexity="1">
              <lines>
                <line number="6" hits="0" branch="False" />
              </lines>
            </method>
          </methods>
          <lines>
            <line number="5" hits="0" branch="False" />
            <line number="6" hits="0" branch="False" />
          </lines>
        </class>
        <class name="ECommercePaymentIntegration.Application.DTO.Responses.ResponseBase`1" filename="ECommercePaymentIntegration.Application\DTO\Responses\ResponseBase.cs" line-rate="0" branch-rate="1" complexity="2">
          <methods>
            <method name="get_Data" signature="()" line-rate="0" branch-rate="1" complexity="1">
              <lines>
                <line number="5" hits="0" branch="False" />
              </lines>
            </method>
            <method name="get_Success" signature="()" line-rate="0" branch-rate="1" complexity="1">
              <lines>
                <line number="6" hits="0" branch="False" />
              </lines>
            </method>
          </methods>
          <lines>
            <line number="5" hits="0" branch="False" />
            <line number="6" hits="0" branch="False" />
          </lines>
        </class>
        <class name="ECommercePaymentIntegration.Application.DTO.PaymentIntegration.OrderItemDto" filename="ECommercePaymentIntegration.Application\DTO\PaymentIntegration\OrderItemDto.cs" line-rate="1" branch-rate="1" complexity="2">
          <methods>
            <method name="get_ProductId" signature="()" line-rate="1" branch-rate="1" complexity="1">
              <lines>
                <line number="5" hits="16" branch="False" />
              </lines>
            </method>
            <method name="get_Quantity" signature="()" line-rate="1" branch-rate="1" complexity="1">
              <lines>
                <line number="6" hits="13" branch="False" />
              </lines>
            </method>
          </methods>
          <lines>
            <line number="5" hits="16" branch="False" />
            <line number="6" hits="13" branch="False" />
          </lines>
        </class>
        <class name="ECommercePaymentIntegration.Application.DTO.PaymentIntegration.Requests.CreateOrderRequest" filename="ECommercePaymentIntegration.Application\DTO\PaymentIntegration\Requests\CreateOrderRequest.cs" line-rate="1" branch-rate="1" complexity="1">
          <methods>
            <method name="get_Items" signature="()" line-rate="1" branch-rate="1" complexity="1">
              <lines>
                <line number="7" hits="16" branch="False" />
              </lines>
            </method>
          </methods>
          <lines>
            <line number="7" hits="16" branch="False" />
          </lines>
        </class>
        <class name="ECommercePaymentIntegration.Application.DTO.BalanceManagement.OrderResultDto" filename="ECommercePaymentIntegration.Application\DTO\BalanceManagement\OrderResultDto.cs" line-rate="1" branch-rate="1" complexity="1">
          <methods>
            <method name="get_Order" signature="()" line-rate="1" branch-rate="1" complexity="1">
              <lines>
                <line number="5" hits="1" branch="False" />
              </lines>
            </method>
          </methods>
          <lines>
            <line number="5" hits="1" branch="False" />
          </lines>
        </class>
        <class name="ECommercePaymentIntegration.Application.DTO.BalanceManagement.OrderResultDtoBase" filename="ECommercePaymentIntegration.Application\DTO\BalanceManagement\OrderResultDtoBase.cs" line-rate="1" branch-rate="1" complexity="1">
          <methods>
            <method name="get_UpdatedBalance" signature="()" line-rate="1" branch-rate="1" complexity="1">
              <lines>
                <line number="5" hits="2" branch="False" />
              </lines>
            </method>
          </methods>
          <lines>
            <line number="5" hits="2" branch="False" />
          </lines>
        </class>
        <class name="ECommercePaymentIntegration.Application.DTO.BalanceManagement.OrderStatusDto" filename="ECommercePaymentIntegration.Application\DTO\BalanceManagement\OrderStatusDto.cs" line-rate="0" branch-rate="1" complexity="5">
          <methods>
            <method name="get_OrderId" signature="()" line-rate="0" branch-rate="1" complexity="1">
              <lines>
                <line number="8" hits="0" branch="False" />
              </lines>
            </method>
            <method name="get_Amount" signature="()" line-rate="0" branch-rate="1" complexity="1">
              <lines>
                <line number="9" hits="0" branch="False" />
              </lines>
            </method>
            <method name="get_Status" signature="()" line-rate="0" branch-rate="1" complexity="1">
              <lines>
                <line number="10" hits="0" branch="False" />
              </lines>
            </method>
            <method name="get_CompletedAt" signature="()" line-rate="0" branch-rate="1" complexity="1">
              <lines>
                <line number="11" hits="0" branch="False" />
              </lines>
            </method>
            <method name="get_CancelledAt" signature="()" line-rate="0" branch-rate="1" complexity="1">
              <lines>
                <line number="13" hits="0" branch="False" />
              </lines>
            </method>
          </methods>
          <lines>
            <line number="8" hits="0" branch="False" />
            <line number="9" hits="0" branch="False" />
            <line number="10" hits="0" branch="False" />
            <line number="11" hits="0" branch="False" />
            <line number="13" hits="0" branch="False" />
          </lines>
        </class>
        <class name="ECommercePaymentIntegration.Application.DTO.BalanceManagement.PreOrderResultDto" filename="ECommercePaymentIntegration.Application\DTO\BalanceManagement\PreOrderResultDto.cs" line-rate="1" branch-rate="1" complexity="1">
          <methods>
            <method name="get_PreOrder" signature="()" line-rate="1" branch-rate="1" complexity="1">
              <lines>
                <line number="5" hits="1" branch="False" />
              </lines>
            </method>
          </methods>
          <lines>
            <line number="5" hits="1" branch="False" />
          </lines>
        </class>
        <class name="ECommercePaymentIntegration.Application.DTO.BalanceManagement.ProductDto" filename="ECommercePaymentIntegration.Application\DTO\BalanceManagement\ProductDto.cs" line-rate="0.4285" branch-rate="1" complexity="7">
          <methods>
            <method name="get_Id" signature="()" line-rate="1" branch-rate="1" complexity="1">
              <lines>
                <line number="5" hits="8" branch="False" />
              </lines>
            </method>
            <method name="get_Name" signature="()" line-rate="0" branch-rate="1" complexity="1">
              <lines>
                <line number="6" hits="0" branch="False" />
              </lines>
            </method>
            <method name="get_Description" signature="()" line-rate="0" branch-rate="1" complexity="1">
              <lines>
                <line number="7" hits="0" branch="False" />
              </lines>
            </method>
            <method name="get_Currency" signature="()" line-rate="0" branch-rate="1" complexity="1">
              <lines>
                <line number="8" hits="0" branch="False" />
              </lines>
            </method>
            <method name="get_Category" signature="()" line-rate="0" branch-rate="1" complexity="1">
              <lines>
                <line number="9" hits="0" branch="False" />
              </lines>
            </method>
            <method name="get_Stock" signature="()" line-rate="1" branch-rate="1" complexity="1">
              <lines>
                <line number="10" hits="7" branch="False" />
              </lines>
            </method>
            <method name="get_Price" signature="()" line-rate="1" branch-rate="1" complexity="1">
              <lines>
                <line number="11" hits="6" branch="False" />
              </lines>
            </method>
          </methods>
          <lines>
            <line number="5" hits="8" branch="False" />
            <line number="6" hits="0" branch="False" />
            <line number="7" hits="0" branch="False" />
            <line number="8" hits="0" branch="False" />
            <line number="9" hits="0" branch="False" />
            <line number="10" hits="7" branch="False" />
            <line number="11" hits="6" branch="False" />
          </lines>
        </class>
        <class name="ECommercePaymentIntegration.Application.DTO.BalanceManagement.UserBalanceDto" filename="ECommercePaymentIntegration.Application\DTO\BalanceManagement\UserBalanceDto.cs" line-rate="0" branch-rate="1" complexity="6">
          <methods>
            <method name="get_UserId" signature="()" line-rate="0" branch-rate="1" complexity="1">
[...]
                <line number="91" hits="0" branch="False" />
                <line number="92" hits="0" branch="False" />
                <line number="93" hits="0" branch="False" />
                <line number="94" hits="0" branch="False" />
                <line number="95" hits="0" branch="False" />
                <line number="96" hits="0" branch="False" />
                <line number="97" hits="0" branch="False" />
                <line number="98" hits="0" branch="False" />
                <line number="99" hits="0" branch="False" />
                <line number="101" hits="0" branch="False" />
                <line number="102" hits="0" branch="False" />
                <line number="103" hits="0" branch="False" />
                <line number="104" hits="0" branch="False" />
                <line number="105" hits="0" branch="False" />
                <line number="106" hits="0" branch="False" />
                <line number="107" hits="0" branch="False" />
                <line number="108" hits="0" branch="False" />
                <line number="110" hits="0" branch="False" />
                <line number="111" hits="0" branch="False" />
                <line number="112" hits="0" branch="False" />
                <line number="113" hits="0" branch="False" />
                <line number="114" hits="0" branch="False" />
                <line number="115" hits="0" branch="False" />
                <line number="116" hits="0" branch="False" />
                <line number="117" hits="0" branch="False" />
                <line number="119" hits="0" branch="False" />
                <line number="120" hits="0" branch="False" />
                <line number="121" hits="0" branch="False" />
                <line number="122" hits="0" branch="False" />
                <line number="123" hits="0" branch="False" />
                <line number="124" hits="0" branch="False" />
                <line number="126" hits="0" branch="False" />
              </lines>
            </method>
          </methods>
          <lines>
            <line number="20" hits="0" branch="False" />
            <line number="22" hits="0" branch="False" />
            <line number="23" hits="0" branch="False" />
            <line number="24" hits="0" branch="False" />
            <line number="26" hits="0" branch="False" />
            <line number="28" hits="0" branch="False" />
            <line number="29" hits="0" branch="False" />
            <line number="30" hits="0" branch="False" />
            <line number="31" hits="0" branch="False" />
            <line number="32" hits="0" branch="False" />
            <line number="33" hits="0" branch="False" />
            <line number="34" hits="0" branch="False" />
            <line number="35" hits="0" branch="False" />
            <line number="36" hits="0" branch="False" />
            <line number="37" hits="0" branch="False" />
            <line number="38" hits="0" branch="False" />
            <line number="39" hits="0" branch="False" />
            <line number="40" hits="0" branch="False" />
            <line number="41" hits="0" branch="False" />
            <line number="42" hits="0" branch="False" />
            <line number="43" hits="0" branch="False" />
            <line number="44" hits="0" branch="False" />
            <line number="45" hits="0" branch="False" />
            <line number="46" hits="0" branch="False" />
            <line number="47" hits="0" branch="False" />
            <line number="48" hits="0" branch="False" />
            <line number="50" hits="0" branch="False" />
            <line number="51" hits="0" branch="False" />
            <line number="52" hits="0" branch="False" />
            <line number="53" hits="0" branch="False" />
            <line number="54" hits="0" branch="False" />
            <line number="55" hits="0" branch="False" />
            <line number="56" hits="0" branch="False" />
            <line number="57" hits="0" branch="False" />
            <line number="58" hits="0" branch="False" />
            <line number="59" hits="0" branch="False" />
            <line number="60" hits="0" branch="False" />
            <line number="61" hits="0" branch="False" />
            <line number="62" hits="0" branch="False" />
            <line number="63" hits="0" branch="False" />
            <line number="64" hits="0" branch="False" />
            <line number="65" hits="0" branch="False" />
            <line number="66" hits="0" branch="False" />
            <line number="67" hits="0" branch="False" />
            <line number="68" hits="0" branch="False" />
            <line number="69" hits="0" branch="False" />
            <line number="70" hits="0" branch="False" />
            <line number="71" hits="0" branch="False" />
            <line number="72" hits="0" branch="False" />
            <line number="74" hits="0" branch="False" />
            <line number="75" hits="0" branch="False" />
            <line number="76" hits="0" branch="False" />
            <line number="77" hits="0" branch="False" />
            <line number="78" hits="0" branch="False" />
            <line number="79" hits="0" branch="False" />
            <line number="80" hits="0" branch="False" />
            <line number="81" hits="0" branch="False" />
            <line number="82" hits="0" branch="False" />
            <line number="83" hits="0" branch="False" />
            <line number="84" hits="0" branch="False" />
            <line number="85" hits="0" branch="False" />
            <line number="86" hits="0" branch="False" />
            <line number="87" hits="0" branch="False" />
            <line number="88" hits="0" branch="False" />
            <line number="89" hits="0" branch="False" />
            <line number="90" hits="0" branch="False" />
            <line number="91" hits="0" branch="False" />
            <line number="92" hits="0" branch="False" />
            <line number="93" hits="0" branch="False" />
            <line number="94" hits="0" branch="False" />
            <line number="95" hits="0" branch="False" />
            <line number="96" hits="0" branch="False" />
            <line number="97" hits="0" branch="False" />
            <line number="98" hits="0" branch="False" />
            <line number="99" hits="0" branch="False" />
            <line number="101" hits="0" branch="False" />
            <line number="102" hits="0" branch="False" />
            <line number="103" hits="0" branch="False" />
            <line number="104" hits="0" branch="False" />
            <line number="105" hits="0" branch="False" />
            <line number="106" hits="0" branch="False" />
            <line number="107" hits="0" branch="False" />
            <line number="108" hits="0" branch="False" />
            <line number="110" hits="0" branch="False" />
            <line number="111" hits="0" branch="False" />
            <line number="112" hits="0" branch="False" />
            <line number="113" hits="0" branch="False" />
            <line number="114" hits="0" branch="False" />
            <line number="115" hits="0" branch="False" />
            <line number="116" hits="0" branch="False" />
            <line number="117" hits="0" branch="False" />
            <line number="119" hits="0" branch="False" />
            <line number="120" hits="0" branch="False" />
            <line number="121" hits="0" branch="False" />
            <line number="122" hits="0" branch="False" />
            <line number="123" hits="0" branch="False" />
            <line number="124" hits="0" branch="False" />
            <line number="126" hits="0" branch="False" />
          </lines>
        </class>
        <class name="ECommercePaymentIntegration.Infrastructure.Migrations.ECommercePaymentIntegrationDbContextModelSnapshot" filename="ECommercePaymentIntegration.Infrastructure\Migrations\ECommercePaymentIntegrationDbContextModelSnapshot.cs" line-rate="0" branch-rate="1" complexity="1">
          <methods>
            <method name="BuildModel" signature="(Microsoft.EntityFrameworkCore.ModelBuilder)" line-rate="0" branch-rate="1" complexity="1">
              <lines>
                <line number="17" hits="0" branch="False" />
                <line number="19" hits="0" branch="False" />
                <line number="20" hits="0" branch="False" />
                <line number="21" hits="0" branch="False" />
                <line number="23" hits="0" branch="False" />
                <line number="25" hits="0" branch="False" />
                <line number="26" hits="0" branch="False" />
                <line number="27" hits="0" branch="False" />
                <line number="28" hits="0" branch="False" />
                <line number="29" hits="0" branch="False" />
                <line number="30" hits="0" branch="False" />
                <line number="31" hits="0" branch="False" />
                <line number="32" hits="0" branch="False" />
                <line number="33" hits="0" branch="False" />
                <line number="34" hits="0" branch="False" />
                <line number="35" hits="0" branch="False" />
                <line number="36" hits="0" branch="False" />
                <line number="37" hits="0" branch="False" />
                <line number="38" hits="0" branch="False" />
                <line number="39" hits="0" branch="False" />
                <line number="40" hits="0" branch="False" />
                <line number="41" hits="0" branch="False" />
                <line number="42" hits="0" branch="False" />
                <line number="43" hits="0" branch="False" />
                <line number="44" hits="0" branch="False" />
                <line number="45" hits="0" branch="False" />
                <line number="47" hits="0" branch="False" />
                <line number="48" hits="0" branch="False" />
                <line number="49" hits="0" branch="False" />
                <line number="50" hits="0" branch="False" />
                <line number="51" hits="0" branch="False" />
                <line number="52" hits="0" branch="False" />
                <line number="53" hits="0" branch="False" />
                <line number="54" hits="0" branch="False" />
                <line number="55" hits="0" branch="False" />
                <line number="56" hits="0" branch="False" />
                <line number="57" hits="0" branch="False" />
                <line number="58" hits="0" branch="False" />
                <line number="59" hits="0" branch="False" />
                <line number="60" hits="0" branch="False" />
                <line number="61" hits="0" branch="False" />
                <line number="62" hits="0" branch="False" />
                <line number="63" hits="0" branch="False" />
                <line number="64" hits="0" branch="False" />
                <line number="65" hits="0" branch="False" />
                <line number="66" hits="0" branch="False" />
                <line number="67" hits="0" branch="False" />
                <line number="68" hits="0" branch="False" />
                <line number="69" hits="0" branch="False" />
                <line number="71" hits="0" branch="False" />
                <line number="72" hits="0" branch="False" />
                <line number="73" hits="0" branch="False" />
                <line number="74" hits="0" branch="False" />
                <line number="75" hits="0" branch="False" />
                <line number="76" hits="0" branch="False" />
                <line number="77" hits="0" branch="False" />
                <line number="78" hits="0" branch="False" />
                <line number="79" hits="0" branch="False" />
                <line number="80" hits="0" branch="False" />
                <line number="81" hits="0" branch="False" />
                <line number="82" hits="0" branch="False" />
                <line number="83" hits="0" branch="False" />
                <line number="84" hits="0" branch="False" />
                <line number="85" hits="0" branch="False" />
                <line number="86" hits="0" branch="False" />
                <line number="87" hits="0" branch="False" />
                <line number="88" hits="0" branch="False" />
                <line number="89" hits="0" branch="False" />
                <line number="90" hits="0" branch="False" />
                <line number="91" hits="0" branch="False" />
                <line number="92" hits="0" branch="False" />
                <line number="93" hits="0" branch="False" />
                <line number="94" hits="0" branch="False" />
                <line number="95" hits="0" branch="False" />
                <line number="96" hits="0" branch="False" />
                <line number="98" hits="0" branch="False" />
                <line number="99" hits="0" branch="False" />
                <line number="100" hits="0" branch="False" />
                <line number="101" hits="0" branch="False" />
                <line number="102" hits="0" branch="False" />
                <line number="103" hits="0" branch="False" />
                <line number="104" hits="0" branch="False" />
                <line number="105" hits="0" branch="False" />
                <line number="107" hits="0" branch="False" />
                <line number="108" hits="0" branch="False" />
                <line number="109" hits="0" branch="False" />
                <line number="110" hits="0" branch="False" />
                <line number="111" hits="0" branch="False" />
                <line number="112" hits="0" branch="False" />
                <line number="113" hits="0" branch="False" />
                <line number="114" hits="0" branch="False" />
                <line number="116" hits="0" branch="False" />
                <line number="117" hits="0" branch="False" />
                <line number="118" hits="0" branch="False" />
                <line number="119" hits="0" branch="False" />
                <line number="120" hits="0" branch="False" />
                <line number="121" hits="0" branch="False" />
                <line number="123" hits="0" branch="False" />
              </lines>
            </method>
          </methods>
          <lines>
            <line number="17" hits="0" branch="False" />
            <line number="19" hits="0" branch="False" />
            <line number="20" hits="0" branch="False" />
            <line number="21" hits="0" branch="False" />
            <line number="23" hits="0" branch="False" />
            <line number="25" hits="0" branch="False" />
            <line number="26" hits="0" branch="False" />
            <line number="27" hits="0" branch="False" />
            <line number="28" hits="0" branch="False" />
            <line number="29" hits="0" branch="False" />
            <line number="30" hits="0" branch="False" />
            <line number="31" hits="0" branch="False" />
            <line number="32" hits="0" branch="False" />
            <line number="33" hits="0" branch="False" />
            <line number="34" hits="0" branch="False" />
            <line number="35" hits="0" branch="False" />
            <line number="36" hits="0" branch="False" />
            <line number="37" hits="0" branch="False" />
            <line number="38" hits="0" branch="False" />
            <line number="39" hits="0" branch="False" />
            <line number="40" hits="0" branch="False" />
            <line number="41" hits="0" branch="False" />
            <line number="42" hits="0" branch="False" />
            <line number="43" hits="0" branch="False" />
            <line number="44" hits="0" branch="False" />
            <line number="45" hits="0" branch="False" />
            <line number="47" hits="0" branch="False" />
            <line number="48" hits="0" branch="False" />
            <line number="49" hits="0" branch="False" />
            <line number="50" hits="0" branch="False" />
            <line number="51" hits="0" branch="False" />
            <line number="52" hits="0" branch="False" />
            <line number="53" hits="0" branch="False" />
            <line number="54" hits="0" branch="False" />
            <line number="55" hits="0" branch="False" />
            <line number="56" hits="0" branch="False" />
            <line number="57" hits="0" branch="False" />
            <line number="58" hits="0" branch="False" />
            <line number="59" hits="0" branch="False" />
            <line number="60" hits="0" branch="False" />
            <line number="61" hits="0" branch="False" />
            <line number="62" hits="0" branch="False" />
            <line number="63" hits="0" branch="False" />
            <line number="64" hits="0" branch="False" />
            <line number="65" hits="0" branch="False" />
            <line number="66" hits="0" branch="False" />
            <line number="67" hits="0" branch="False" />
            <line number="68" hits="0" branch="False" />
            <line number="69" hits="0" branch="False" />
            <line number="71" hits="0" branch="False" />
            <line number="72" hits="0" branch="False" />
            <line number="73" hits="0" branch="False" />
            <line number="74" hits="0" branch="False" />
            <line number="75" hits="0" branch="False" />
            <line number="76" hits="0" branch="False" />
            <line number="77" hits="0" branch="False" />
            <line number="78" hits="0" branch="False" />
            <line number="79" hits="0" branch="False" />
            <line number="80" hits="0" branch="False" />
            <line number="81" hits="0" branch="False" />
            <line number="82" hits="0" branch="False" />
            <line number="83" hits="0" branch="False" />
            <line number="84" hits="0" branch="False" />
            <line number="85" hits="0" branch="False" />
            <line number="86" hits="0" branch="False" />
            <line number="87" hits="0" branch="False" />
            <line number="88" hits="0" branch="False" />
            <line number="89" hits="0" branch="False" />
            <line number="90" hits="0" branch="False" />
            <line number="91" hits="0" branch="False" />
            <line number="92" hits="0" branch="False" />
            <line number="93" hits="0" branch="False" />
            <line number="94" hits="0" branch="False" />
            <line number="95" hits="0" branch="False" />
            <line number="96" hits="0" branch="False" />
            <line number="98" hits="0" branch="False" />
            <line number="99" hits="0" branch="False" />
            <line number="100" hits="0" branch="False" />
            <line number="101" hits="0" branch="False" />
            <line number="102" hits="0" branch="False" />
            <line number="103" hits="0" branch="False" />
            <line number="104" hits="0" branch="False" />
            <line number="105" hits="0" branch="False" />
            <line number="107" hits="0" branch="False" />
            <line number="108" hits="0" branch="False" />
            <line number="109" hits="0" branch="False" />
            <line number="110" hits="0" branch="False" />
            <line number="111" hits="0" branch="False" />
            <line number="112" hits="0" branch="False" />
            <line number="113" hits="0" branch="False" />
            <line number="114" hits="0" branch="False" />
            <line number="116" hits="0" branch="False" />
            <line number="117" hits="0" branch="False" />
            <line number="118" hits="0" branch="False" />
            <line number="119" hits="0" branch="False" />
            <line number="120" hits="0" branch="False" />
            <line number="121" hits="0" branch="False" />
            <line number="123" hits="0" branch="False" />
          </lines>
        </class>
      </classes>
    </package>
  </packages>
</coverage>